<?xml version="1.0" encoding="UTF-8"?>
<!-- Generated by org.testng.reporters.JUnitXMLReporter -->
<testsuite ignored="0" hostname="AkshatsPC" failures="0" tests="15" name="APITest" time="7.595" errors="0" timestamp="2020-08-27T17:20:26 IST">
  <testcase classname="apitesting.getRequest" name="test_01" time="3.853"/>
  <testcase classname="apitesting.apiTest01" name="testDelete" time="4.048"/>
  <testcase classname="apitesting.getRequest" name="test_02" time="0.899"/>
  <testcase classname="apitesting.apiTest01" name="testPatch" time="0.791"/>
  <testcase classname="apitesting.testEmployeeAPIs" name="verifyGetRequestWithParams" time="4.947"/>
  <testcase classname="apitesting.testEmployeeAPIs" name="verifyGetRequestWithParams" time="0.069"/>
  <testcase classname="apitesting.testEmployeeAPIs" name="verifyGetRequestWithParams" time="0.061"/>
  <testcase classname="apitesting.testEmployeeAPIs" name="verifyGetRequestWithParams" time="0.062"/>
  <testcase classname="apitesting.testEmployeeAPIs" name="verifyGetRequestWithParams" time="0.12"/>
  <testcase classname="apitesting.testEmployeeAPIs" name="verifyGetRequestWithParams" time="0.042"/>
  <testcase classname="apitesting.testEmployeeAPIs" name="verifyGetRequestWithParams" time="0.054"/>
  <testcase classname="apitesting.testEmployeeAPIs" name="verifyGetRequestWithParams" time="0.058"/>
  <testcase classname="apitesting.apiTest01" name="testPost" time="0.714"/>
  <testcase classname="apitesting.apiTest01" name="testPut" time="0.801"/>
  <testcase classname="apitesting.apiTest01" name="testVerifyPatch" time="1.136"/>
</testsuite> <!-- APITest -->
