<?xml version="1.0" encoding="UTF-8"?>
<!-- Generated by org.testng.reporters.JUnitXMLReporter -->
<testsuite ignored="0" hostname="AkshatsPC" failures="0" tests="8" name="Default test" time="7.348" errors="0" timestamp="2020-08-23T01:51:48 IST">
  <testcase classname="testEmployeeAPIs" name="verifyGetRequestWithParams" time="6.813"/>
  <testcase classname="testEmployeeAPIs" name="verifyGetRequestWithParams" time="0.056"/>
  <testcase classname="testEmployeeAPIs" name="verifyGetRequestWithParams" time="0.067"/>
  <testcase classname="testEmployeeAPIs" name="verifyGetRequestWithParams" time="0.049"/>
  <testcase classname="testEmployeeAPIs" name="verifyGetRequestWithParams" time="0.045"/>
  <testcase classname="testEmployeeAPIs" name="verifyGetRequestWithParams" time="0.045"/>
  <testcase classname="testEmployeeAPIs" name="verifyGetRequestWithParams" time="0.041"/>
  <testcase classname="testEmployeeAPIs" name="verifyGetRequestWithParams" time="0.054"/>
</testsuite> <!-- Default test -->
