<?xml version="1.0" encoding="UTF-8"?>
<!-- Generated by org.testng.reporters.JUnitXMLReporter -->
<testsuite ignored="0" hostname="AkshatsPC" failures="0" tests="15" name="Surefire test" time="18.064" errors="0" timestamp="2020-08-27T17:11:58 IST">
  <testcase classname="apitesting.getRequest" name="test_01" time="3.83"/>
  <testcase classname="apitesting.apiTest01" name="testDelete" time="4.374"/>
  <testcase classname="apitesting.apiTest01" name="testPatch" time="1.113"/>
  <testcase classname="apitesting.getRequest" name="test_02" time="4.564"/>
  <testcase classname="apitesting.apiTest01" name="testPost" time="3.248"/>
  <testcase classname="apitesting.testEmployeeAPIs" name="verifyGetRequestWithParams" time="2.274"/>
  <testcase classname="apitesting.testEmployeeAPIs" name="verifyGetRequestWithParams" time="0.234"/>
  <testcase classname="apitesting.testEmployeeAPIs" name="verifyGetRequestWithParams" time="0.155"/>
  <testcase classname="apitesting.testEmployeeAPIs" name="verifyGetRequestWithParams" time="0.143"/>
  <testcase classname="apitesting.testEmployeeAPIs" name="verifyGetRequestWithParams" time="0.122"/>
  <testcase classname="apitesting.testEmployeeAPIs" name="verifyGetRequestWithParams" time="0.156"/>
  <testcase classname="apitesting.testEmployeeAPIs" name="verifyGetRequestWithParams" time="0.262"/>
  <testcase classname="apitesting.testEmployeeAPIs" name="verifyGetRequestWithParams" time="0.271"/>
  <testcase classname="apitesting.apiTest01" name="testPut" time="3.928"/>
  <testcase classname="apitesting.apiTest01" name="testVerifyPatch" time="5.293"/>
</testsuite> <!-- Surefire test -->
