<?xml version="1.0" encoding="UTF-8"?>
<testng-results ignored="0" total="0" passed="0" failed="0" skipped="0">
  <reporter-output>
  </reporter-output>
  <suite started-at="2020-08-27T17:11:36 IST" name="apitesting.DataProviderForAPITest" finished-at="2020-08-27T17:11:36 IST" duration-ms="11">
    <groups>
    </groups>
    <test started-at="2020-08-27T17:11:36 IST" name="Command line test" finished-at="2020-08-27T17:11:36 IST" duration-ms="11">
    </test> <!-- Command line test -->
  </suite> <!-- apitesting.DataProviderForAPITest -->
</testng-results>
