<?xml version="1.0" encoding="UTF-8"?>
<testng-results ignored="0" total="15" passed="15" failed="0" skipped="0">
  <reporter-output>
  </reporter-output>
  <suite started-at="2020-08-27T17:20:18 IST" name="APITestSuite" finished-at="2020-08-27T17:20:26 IST" duration-ms="7595">
    <groups>
    </groups>
    <test started-at="2020-08-27T17:20:18 IST" name="APITest" finished-at="2020-08-27T17:20:26 IST" duration-ms="7595">
      <class name="apitesting.getRequest">
        <test-method signature="test_01()[pri:0, instance:apitesting.getRequest@7219ec67]" started-at="2020-08-27T17:20:18 IST" name="test_01" finished-at="2020-08-27T17:20:22 IST" duration-ms="3853" status="PASS">
          <reporter-output>
          </reporter-output>
        </test-method> <!-- test_01 -->
        <test-method signature="test_02()[pri:0, instance:apitesting.getRequest@7219ec67]" started-at="2020-08-27T17:20:22 IST" name="test_02" finished-at="2020-08-27T17:20:23 IST" duration-ms="899" status="PASS">
          <reporter-output>
          </reporter-output>
        </test-method> <!-- test_02 -->
      </class> <!-- apitesting.getRequest -->
      <class name="apitesting.apiTest01">
        <test-method signature="testDelete()[pri:0, instance:apitesting.apiTest01@4c1d9d4b]" started-at="2020-08-27T17:20:18 IST" name="testDelete" finished-at="2020-08-27T17:20:22 IST" duration-ms="4048" status="PASS">
          <reporter-output>
          </reporter-output>
        </test-method> <!-- testDelete -->
        <test-method signature="testPatch()[pri:0, instance:apitesting.apiTest01@4c1d9d4b]" started-at="2020-08-27T17:20:22 IST" name="testPatch" finished-at="2020-08-27T17:20:23 IST" duration-ms="791" status="PASS">
          <reporter-output>
          </reporter-output>
        </test-method> <!-- testPatch -->
        <test-method signature="testPost()[pri:0, instance:apitesting.apiTest01@4c1d9d4b]" started-at="2020-08-27T17:20:23 IST" name="testPost" finished-at="2020-08-27T17:20:24 IST" duration-ms="714" status="PASS">
          <reporter-output>
          </reporter-output>
        </test-method> <!-- testPost -->
        <test-method signature="testPut()[pri:0, instance:apitesting.apiTest01@4c1d9d4b]" started-at="2020-08-27T17:20:24 IST" name="testPut" finished-at="2020-08-27T17:20:25 IST" duration-ms="801" status="PASS">
          <reporter-output>
          </reporter-output>
        </test-method> <!-- testPut -->
        <test-method signature="testVerifyPatch()[pri:0, instance:apitesting.apiTest01@4c1d9d4b]" started-at="2020-08-27T17:20:25 IST" name="testVerifyPatch" finished-at="2020-08-27T17:20:26 IST" duration-ms="1136" status="PASS">
          <reporter-output>
          </reporter-output>
        </test-method> <!-- testVerifyPatch -->
      </class> <!-- apitesting.apiTest01 -->
      <class name="apitesting.testEmployeeAPIs">
        <test-method signature="verifyGetRequestWithParams(int)[pri:0, instance:apitesting.testEmployeeAPIs@7b227d8d]" started-at="2020-08-27T17:20:18 IST" name="verifyGetRequestWithParams" data-provider="SampleGetData" finished-at="2020-08-27T17:20:23 IST" duration-ms="4947" status="PASS">
          <params>
            <param index="0">
              <value>
                <![CDATA[1001]]>
              </value>
            </param>
          </params>
          <reporter-output>
          </reporter-output>
        </test-method> <!-- verifyGetRequestWithParams -->
        <test-method signature="verifyGetRequestWithParams(int)[pri:0, instance:apitesting.testEmployeeAPIs@7b227d8d]" started-at="2020-08-27T17:20:23 IST" name="verifyGetRequestWithParams" data-provider="SampleGetData" finished-at="2020-08-27T17:20:23 IST" duration-ms="69" status="PASS">
          <params>
            <param index="0">
              <value>
                <![CDATA[772]]>
              </value>
            </param>
          </params>
          <reporter-output>
          </reporter-output>
        </test-method> <!-- verifyGetRequestWithParams -->
        <test-method signature="verifyGetRequestWithParams(int)[pri:0, instance:apitesting.testEmployeeAPIs@7b227d8d]" started-at="2020-08-27T17:20:23 IST" name="verifyGetRequestWithParams" data-provider="SampleGetData" finished-at="2020-08-27T17:20:23 IST" duration-ms="61" status="PASS">
          <params>
            <param index="0">
              <value>
                <![CDATA[7258]]>
              </value>
            </param>
          </params>
          <reporter-output>
          </reporter-output>
        </test-method> <!-- verifyGetRequestWithParams -->
        <test-method signature="verifyGetRequestWithParams(int)[pri:0, instance:apitesting.testEmployeeAPIs@7b227d8d]" started-at="2020-08-27T17:20:23 IST" name="verifyGetRequestWithParams" data-provider="SampleGetData" finished-at="2020-08-27T17:20:23 IST" duration-ms="62" status="PASS">
          <params>
            <param index="0">
              <value>
                <![CDATA[4587]]>
              </value>
            </param>
          </params>
          <reporter-output>
          </reporter-output>
        </test-method> <!-- verifyGetRequestWithParams -->
        <test-method signature="verifyGetRequestWithParams(int)[pri:0, instance:apitesting.testEmployeeAPIs@7b227d8d]" started-at="2020-08-27T17:20:23 IST" name="verifyGetRequestWithParams" data-provider="SampleGetData" finished-at="2020-08-27T17:20:24 IST" duration-ms="120" status="PASS">
          <params>
            <param index="0">
              <value>
                <![CDATA[1258]]>
              </value>
            </param>
          </params>
          <reporter-output>
          </reporter-output>
        </test-method> <!-- verifyGetRequestWithParams -->
        <test-method signature="verifyGetRequestWithParams(int)[pri:0, instance:apitesting.testEmployeeAPIs@7b227d8d]" started-at="2020-08-27T17:20:24 IST" name="verifyGetRequestWithParams" data-provider="SampleGetData" finished-at="2020-08-27T17:20:24 IST" duration-ms="42" status="PASS">
          <params>
            <param index="0">
              <value>
                <![CDATA[7259]]>
              </value>
            </param>
          </params>
          <reporter-output>
          </reporter-output>
        </test-method> <!-- verifyGetRequestWithParams -->
        <test-method signature="verifyGetRequestWithParams(int)[pri:0, instance:apitesting.testEmployeeAPIs@7b227d8d]" started-at="2020-08-27T17:20:24 IST" name="verifyGetRequestWithParams" data-provider="SampleGetData" finished-at="2020-08-27T17:20:24 IST" duration-ms="54" status="PASS">
          <params>
            <param index="0">
              <value>
                <![CDATA[7260]]>
              </value>
            </param>
          </params>
          <reporter-output>
          </reporter-output>
        </test-method> <!-- verifyGetRequestWithParams -->
        <test-method signature="verifyGetRequestWithParams(int)[pri:0, instance:apitesting.testEmployeeAPIs@7b227d8d]" started-at="2020-08-27T17:20:24 IST" name="verifyGetRequestWithParams" data-provider="SampleGetData" finished-at="2020-08-27T17:20:24 IST" duration-ms="58" status="PASS">
          <params>
            <param index="0">
              <value>
                <![CDATA[7261]]>
              </value>
            </param>
          </params>
          <reporter-output>
          </reporter-output>
        </test-method> <!-- verifyGetRequestWithParams -->
      </class> <!-- apitesting.testEmployeeAPIs -->
    </test> <!-- APITest -->
  </suite> <!-- APITestSuite -->
</testng-results>
