<?xml version="1.0" encoding="UTF-8"?>
<testsuite xmlns:xsi="http://www.w3.org/2001/XMLSchema-instance" xsi:noNamespaceSchemaLocation="https://maven.apache.org/surefire/maven-failsafe-plugin/xsd/failsafe-test-report-3.0.xsd" version="3.0" name="TestSuite" time="19.514" tests="15" errors="0" skipped="0" failures="0">
  <properties>
[...]
</properties>
  <testcase name="test_01" classname="apitesting.getRequest" time="6.147"/>
  <testcase name="testDelete" classname="apitesting.apiTest01" time="0"/>
  <testcase name="testPatch" classname="apitesting.apiTest01" time="0.009"/>
  <testcase name="test_02" classname="apitesting.getRequest" time="2.242"/>
  <testcase name="testPost" classname="apitesting.apiTest01" time="0.641"/>
  <testcase name="verifyGetRequestWithParams" classname="apitesting.testEmployeeAPIs" time="1.654"/>
  <testcase name="verifyGetRequestWithParams" classname="apitesting.testEmployeeAPIs" time="1.381"/>
  <testcase name="verifyGetRequestWithParams" classname="apitesting.testEmployeeAPIs" time="0.013"/>
  <testcase name="verifyGetRequestWithParams" classname="apitesting.testEmployeeAPIs" time="0.012"/>
  <testcase name="verifyGetRequestWithParams" classname="apitesting.testEmployeeAPIs" time="0.013"/>
  <testcase name="verifyGetRequestWithParams" classname="apitesting.testEmployeeAPIs" time="0.014"/>
  <testcase name="verifyGetRequestWithParams" classname="apitesting.testEmployeeAPIs" time="0.012"/>
  <testcase name="verifyGetRequestWithParams" classname="apitesting.testEmployeeAPIs" time="0.008"/>
  <testcase name="testPut" classname="apitesting.apiTest01" time="0.524"/>
  <testcase name="testVerifyPatch" classname="apitesting.apiTest01" time="5.282"/>
</testsuite>