<?xml version="1.0" encoding="UTF-8"?>
<testng-results ignored="0" total="15" passed="15" failed="0" skipped="0">
  <reporter-output>
  </reporter-output>
  <suite started-at="2020-08-27T17:11:39 IST" name="Surefire suite" finished-at="2020-08-27T17:11:58 IST" duration-ms="18064">
    <groups>
    </groups>
    <test started-at="2020-08-27T17:11:39 IST" name="Surefire test" finished-at="2020-08-27T17:11:58 IST" duration-ms="18064">
      <class name="apitesting.getRequest">
        <test-method signature="test_01()[pri:0, instance:apitesting.getRequest@6c9f5c0d]" started-at="2020-08-27T17:11:40 IST" name="test_01" finished-at="2020-08-27T17:11:43 IST" duration-ms="3830" status="PASS">
          <reporter-output>
          </reporter-output>
        </test-method> <!-- test_01 -->
        <test-method signature="test_02()[pri:0, instance:apitesting.getRequest@6c9f5c0d]" started-at="2020-08-27T17:11:43 IST" name="test_02" finished-at="2020-08-27T17:11:48 IST" duration-ms="4564" status="PASS">
          <reporter-output>
          </reporter-output>
        </test-method> <!-- test_02 -->
      </class> <!-- apitesting.getRequest -->
      <class name="apitesting.apiTest01">
        <test-method signature="testDelete()[pri:0, instance:apitesting.apiTest01@17695df3]" started-at="2020-08-27T17:11:40 IST" name="testDelete" finished-at="2020-08-27T17:11:44 IST" duration-ms="4374" status="PASS">
          <reporter-output>
          </reporter-output>
        </test-method> <!-- testDelete -->
        <test-method signature="testPatch()[pri:0, instance:apitesting.apiTest01@17695df3]" started-at="2020-08-27T17:11:44 IST" name="testPatch" finished-at="2020-08-27T17:11:45 IST" duration-ms="1113" status="PASS">
          <reporter-output>
          </reporter-output>
        </test-method> <!-- testPatch -->
        <test-method signature="testPost()[pri:0, instance:apitesting.apiTest01@17695df3]" started-at="2020-08-27T17:11:45 IST" name="testPost" finished-at="2020-08-27T17:11:48 IST" duration-ms="3248" status="PASS">
          <reporter-output>
          </reporter-output>
        </test-method> <!-- testPost -->
        <test-method signature="testPut()[pri:0, instance:apitesting.apiTest01@17695df3]" started-at="2020-08-27T17:11:48 IST" name="testPut" finished-at="2020-08-27T17:11:52 IST" duration-ms="3928" status="PASS">
          <reporter-output>
          </reporter-output>
        </test-method> <!-- testPut -->
        <test-method signature="testVerifyPatch()[pri:0, instance:apitesting.apiTest01@17695df3]" started-at="2020-08-27T17:11:52 IST" name="testVerifyPatch" finished-at="2020-08-27T17:11:58 IST" duration-ms="5293" status="PASS">
          <reporter-output>
          </reporter-output>
        </test-method> <!-- testVerifyPatch -->
      </class> <!-- apitesting.apiTest01 -->
      <class name="apitesting.testEmployeeAPIs">
        <test-method signature="verifyGetRequestWithParams(int)[pri:0, instance:apitesting.testEmployeeAPIs@de3a06f]" started-at="2020-08-27T17:11:48 IST" name="verifyGetRequestWithParams" data-provider="SampleGetData" finished-at="2020-08-27T17:11:50 IST" duration-ms="2274" status="PASS">
          <params>
            <param index="0">
              <value>
                <![CDATA[1001]]>
              </value>
            </param>
          </params>
          <reporter-output>
          </reporter-output>
        </test-method> <!-- verifyGetRequestWithParams -->
        <test-method signature="verifyGetRequestWithParams(int)[pri:0, instance:apitesting.testEmployeeAPIs@de3a06f]" started-at="2020-08-27T17:11:50 IST" name="verifyGetRequestWithParams" data-provider="SampleGetData" finished-at="2020-08-27T17:11:51 IST" duration-ms="234" status="PASS">
          <params>
            <param index="0">
              <value>
                <![CDATA[772]]>
              </value>
            </param>
          </params>
          <reporter-output>
          </reporter-output>
        </test-method> <!-- verifyGetRequestWithParams -->
        <test-method signature="verifyGetRequestWithParams(int)[pri:0, instance:apitesting.testEmployeeAPIs@de3a06f]" started-at="2020-08-27T17:11:51 IST" name="verifyGetRequestWithParams" data-provider="SampleGetData" finished-at="2020-08-27T17:11:51 IST" duration-ms="155" status="PASS">
          <params>
            <param index="0">
              <value>
                <![CDATA[7258]]>
              </value>
            </param>
          </params>
          <reporter-output>
          </reporter-output>
        </test-method> <!-- verifyGetRequestWithParams -->
        <test-method signature="verifyGetRequestWithParams(int)[pri:0, instance:apitesting.testEmployeeAPIs@de3a06f]" started-at="2020-08-27T17:11:51 IST" name="verifyGetRequestWithParams" data-provider="SampleGetData" finished-at="2020-08-27T17:11:51 IST" duration-ms="143" status="PASS">
          <params>
            <param index="0">
              <value>
                <![CDATA[4587]]>
              </value>
            </param>
          </params>
          <reporter-output>
          </reporter-output>
        </test-method> <!-- verifyGetRequestWithParams -->
        <test-method signature="verifyGetRequestWithParams(int)[pri:0, instance:apitesting.testEmployeeAPIs@de3a06f]" started-at="2020-08-27T17:11:51 IST" name="verifyGetRequestWithParams" data-provider="SampleGetData" finished-at="2020-08-27T17:11:51 IST" duration-ms="122" status="PASS">
          <params>
            <param index="0">
              <value>
                <![CDATA[1258]]>
              </value>
            </param>
          </params>
          <reporter-output>
          </reporter-output>
        </test-method> <!-- verifyGetRequestWithParams -->
        <test-method signature="verifyGetRequestWithParams(int)[pri:0, instance:apitesting.testEmployeeAPIs@de3a06f]" started-at="2020-08-27T17:11:51 IST" name="verifyGetRequestWithParams" data-provider="SampleGetData" finished-at="2020-08-27T17:11:51 IST" duration-ms="156" status="PASS">
          <params>
            <param index="0">
              <value>
                <![CDATA[7259]]>
              </value>
            </param>
          </params>
          <reporter-output>
          </reporter-output>
        </test-method> <!-- verifyGetRequestWithParams -->
        <test-method signature="verifyGetRequestWithParams(int)[pri:0, instance:apitesting.testEmployeeAPIs@de3a06f]" started-at="2020-08-27T17:11:51 IST" name="verifyGetRequestWithParams" data-provider="SampleGetData" finished-at="2020-08-27T17:11:51 IST" duration-ms="262" status="PASS">
          <params>
            <param index="0">
              <value>
                <![CDATA[7260]]>
              </value>
            </param>
          </params>
          <reporter-output>
          </reporter-output>
        </test-method> <!-- verifyGetRequestWithParams -->
        <test-method signature="verifyGetRequestWithParams(int)[pri:0, instance:apitesting.testEmployeeAPIs@de3a06f]" started-at="2020-08-27T17:11:51 IST" name="verifyGetRequestWithParams" data-provider="SampleGetData" finished-at="2020-08-27T17:11:52 IST" duration-ms="271" status="PASS">
          <params>
            <param index="0">
              <value>
                <![CDATA[7261]]>
              </value>
            </param>
          </params>
          <reporter-output>
          </reporter-output>
        </test-method> <!-- verifyGetRequestWithParams -->
      </class> <!-- apitesting.testEmployeeAPIs -->
    </test> <!-- Surefire test -->
  </suite> <!-- Surefire suite -->
</testng-results>
